<?xml version="1.0" encoding="UTF-8"?>
<!-- Generated by org.testng.reporters.JUnitXMLReporter -->
<testsuite ignored="0" hostname="Madhurs-MacBook-Air.local" failures="0" tests="5" name="Test2" time="6.005" errors="0" timestamp="18 Aug 2019 16:51:54 GMT">
  <testcase classname="tests.TC02_SingleEmployeeGetTest" name="statusCodeTest" time="0.74"/>
  <testcase classname="tests.TC02_SingleEmployeeGetTest" name="responseTest" time="0.71"/>
  <testcase classname="tests.TC02_SingleEmployeeGetTest" name="statusLineTest" time="1.599"/>
  <testcase classname="tests.TC02_SingleEmployeeGetTest" name="contentTypeTest" time="0.799"/>
  <testcase classname="tests.TC02_SingleEmployeeGetTest" name="headersTest" time="1.746"/>
</testsuite> <!-- Test2 -->
