<?xml version="1.0" encoding="UTF-8"?>
<!-- Generated by org.testng.reporters.JUnitXMLReporter -->
<testsuite ignored="0" hostname="Madhurs-MacBook-Air.local" failures="0" tests="5" name="Test1" time="7.542" errors="0" timestamp="18 Aug 2019 16:51:43 GMT">
  <testcase classname="tests.TC01_AllEmpoyeesGetTest" name="statusCodeTest" time="1.776"/>
  <testcase classname="tests.TC01_AllEmpoyeesGetTest" name="responseTest" time="1.952"/>
  <testcase classname="tests.TC01_AllEmpoyeesGetTest" name="statusLineTest" time="0.734"/>
  <testcase classname="tests.TC01_AllEmpoyeesGetTest" name="contentTypeTest" time="0.791"/>
  <testcase classname="tests.TC01_AllEmpoyeesGetTest" name="headersTest" time="0.728"/>
</testsuite> <!-- Test1 -->
