<?xml version="1.0" encoding="UTF-8"?>
<!-- Generated by org.testng.reporters.JUnitXMLReporter -->
<testsuite ignored="0" hostname="DGB-C02VH08BH" failures="0" tests="13" name="Command line test" time="10.1" errors="0" timestamp="24 Oct 2019 18:11:39 GMT">
  <testcase classname="com.tests.TC01_AllEmpoyeesGetTest" name="statusCodeTest" time="1.319"/>
  <testcase classname="com.tests.TC02_SingleEmployeeGetTest" name="statusCodeTest" time="0.629"/>
  <testcase classname="com.tests.TC05_DeleteEmpoyeeTest" name="responseTest" time="0.703"/>
  <testcase classname="com.tests.TC02_SingleEmployeeGetTest" name="responseTest" time="0.673"/>
  <testcase classname="com.tests.TC01_AllEmpoyeesGetTest" name="responseTest" time="0.693"/>
  <testcase classname="com.tests.TC03_CreateEmpoyeeTest" name="responseTest" time="0.594"/>
  <testcase classname="com.tests.TC04_UpdateEmpoyeeTest" name="responseTest" time="0.699"/>
  <testcase classname="com.tests.TC01_AllEmpoyeesGetTest" name="statusLineTest" time="0.699"/>
  <testcase classname="com.tests.TC02_SingleEmployeeGetTest" name="statusLineTest" time="0.695"/>
  <testcase classname="com.tests.TC01_AllEmpoyeesGetTest" name="contentTypeTest" time="0.6"/>
  <testcase classname="com.tests.TC02_SingleEmployeeGetTest" name="contentTypeTest" time="0.694"/>
  <testcase classname="com.tests.TC01_AllEmpoyeesGetTest" name="headersTest" time="0.596"/>
  <testcase classname="com.tests.TC02_SingleEmployeeGetTest" name="headersTest" time="0.52"/>
</testsuite> <!-- Command line test -->
