<?xml version="1.0" encoding="UTF-8" ?>
<testsuite tests="13" failures="0" name="TestSuite" time="9.112" errors="0" skipped="0">
  <properties>
[...]
</properties>
  <testcase classname="com.tests.TC01_AllEmpoyeesGetTest" name="statusCodeTest" time="1.32"/>
  <testcase classname="com.tests.TC02_SingleEmployeeGetTest" name="statusCodeTest" time="0.628"/>
  <testcase classname="com.tests.TC05_DeleteEmpoyeeTest" name="responseTest" time="0.701"/>
  <testcase classname="com.tests.TC02_SingleEmployeeGetTest" name="responseTest" time="0.674"/>
  <testcase classname="com.tests.TC01_AllEmpoyeesGetTest" name="responseTest" time="0.694"/>
  <testcase classname="com.tests.TC03_CreateEmpoyeeTest" name="responseTest" time="0.594"/>
  <testcase classname="com.tests.TC04_UpdateEmpoyeeTest" name="responseTest" time="0.698"/>
  <testcase classname="com.tests.TC01_AllEmpoyeesGetTest" name="statusLineTest" time="0.699"/>
  <testcase classname="com.tests.TC02_SingleEmployeeGetTest" name="statusLineTest" time="0.694"/>
  <testcase classname="com.tests.TC01_AllEmpoyeesGetTest" name="contentTypeTest" time="0.6"/>
  <testcase classname="com.tests.TC02_SingleEmployeeGetTest" name="contentTypeTest" time="0.693"/>
  <testcase classname="com.tests.TC01_AllEmpoyeesGetTest" name="headersTest" time="0.596"/>
  <testcase classname="com.tests.TC02_SingleEmployeeGetTest" name="headersTest" time="0.521"/>
</testsuite>