<?xml version="1.0" encoding="UTF-8"?>
<testng-results ignored="0" total="1" passed="1" failed="0" skipped="0">
  <reporter-output>
    <line>
      <![CDATA[Test Case Started]]>
    </line>
    <line>
      <![CDATA[Loading Properties File]]>
    </line>
    <line>
      <![CDATA[Properties File Loaded]]>
    </line>
    <line>
      <![CDATA[Base URL :http://dummy.restapiexample.com/api/v1/]]>
    </line>
    <line>
      <![CDATA[HTTP request created]]>
    </line>
    <line>
      <![CDATA[Base URI :http://dummy.restapiexample.com/api/v1/delete/60567]]>
    </line>
    <line>
      <![CDATA[HTTP response created]]>
    </line>
    <line>
      <![CDATA[Response :{"success":{"text":"successfully! deleted Records"}}]]>
    </line>
    <line>
      <![CDATA[Test Case Ended]]>
    </line>
  </reporter-output>
  <suite started-at="2019-08-18T17:36:08Z" name="Default suite" finished-at="2019-08-18T17:36:11Z" duration-ms="3234">
    <groups>
    </groups>
    <test started-at="2019-08-18T17:36:08Z" name="Default test" finished-at="2019-08-18T17:36:11Z" duration-ms="3234">
      <class name="com.tests.TC05_DeleteEmpoyeeTest">
        <test-method is-config="true" signature="setUp(java.lang.reflect.Method)[pri:0, instance:com.tests.TC05_DeleteEmpoyeeTest@4816278d]" started-at="2019-08-18T17:36:08Z" name="setUp" finished-at="2019-08-18T17:36:09Z" duration-ms="774" status="PASS">
          <params>
            <param index="0">
              <value>
                <![CDATA[public void com.tests.TC05_DeleteEmpoyeeTest.responseTest()]]>
              </value>
            </param>
          </params>
          <reporter-output>
            <line>
              <![CDATA[Test Case Started]]>
            </line>
            <line>
              <![CDATA[Loading Properties File]]>
            </line>
            <line>
              <![CDATA[Properties File Loaded]]>
            </line>
            <line>
              <![CDATA[Base URL :http://dummy.restapiexample.com/api/v1/]]>
            </line>
            <line>
              <![CDATA[HTTP request created]]>
            </line>
          </reporter-output>
        </test-method> <!-- setUp -->
        <test-method signature="responseTest()[pri:2, instance:com.tests.TC05_DeleteEmpoyeeTest@4816278d]" started-at="2019-08-18T17:36:09Z" name="responseTest" finished-at="2019-08-18T17:36:11Z" duration-ms="1895" status="PASS">
          <reporter-output>
            <line>
              <![CDATA[Base URI :http://dummy.restapiexample.com/api/v1/delete/60567]]>
            </line>
            <line>
              <![CDATA[HTTP response created]]>
            </line>
            <line>
              <![CDATA[Response :{"success":{"text":"successfully! deleted Records"}}]]>
            </line>
          </reporter-output>
        </test-method> <!-- responseTest -->
        <test-method is-config="true" signature="tearDown(org.testng.ITestResult)[pri:0, instance:com.tests.TC05_DeleteEmpoyeeTest@4816278d]" started-at="2019-08-18T17:36:11Z" name="tearDown" finished-at="2019-08-18T17:36:11Z" duration-ms="535" status="PASS">
          <params>
            <param index="0">
              <value>
                <![CDATA[[TestResult name=responseTest status=SUCCESS method=TC05_DeleteEmpoyeeTest.responseTest()[pri:2, instance:com.tests.TC05_DeleteEmpoyeeTest@4816278d] output=Base URI :http://dummy.restapiexample.com/api/v1/delete/60567]]]>
              </value>
            </param>
          </params>
          <reporter-output>
            <line>
              <![CDATA[Test Case Ended]]>
            </line>
          </reporter-output>
        </test-method> <!-- tearDown -->
      </class> <!-- com.tests.TC05_DeleteEmpoyeeTest -->
    </test> <!-- Default test -->
  </suite> <!-- Default suite -->
</testng-results>
